2024-09-15 12:05:40,653 -INFO - Logger initialized
2024-09-15 12:05:40,653 -INFO - StartTest.config: Entry Point #1
2024-09-15 12:05:40,653 -INFO - StartTest.config: {'file_path': 'excel\\Test.xlsx', 'workbook': <openpyxl.workbook.workbook.Workbook object at 0x0000024F7E74F770>, 'current_sheet': <Worksheet "Details">, 'sheet_count': 4, 'sheet_names': ['Details', 'test cdp', 'Dropdowns', 'amazon product urls']}, {'directory_path': 'Reports/Report 2024-09-15 120540', 'code_prog': <utils.Logging.Logging object at 0x0000024F7E587F20>, 'log': <utils.Logging.Logging object at 0x0000024F7E33AE10>}
2024-09-15 12:05:49,078 -INFO - Sheet loop number: 0
2024-09-15 12:05:49,078 -INFO - Sheet loop number: 1
2024-09-15 12:05:49,079 -INFO - ** sheets: Entry Point #2 ** test cdp
2024-09-15 12:05:49,079 -INFO - Sheet row: 3
2024-09-15 12:05:49,079 -INFO - (ExcelControl/execute_module): {'xlwb': <entity.ExcelData.ExcelWorkBook object at 0x0000024F7E5849E0>, 'element_id': 1, 'description': '', 'execute': 'page.get_by_title("Search in").select_option("search-alias=electronics")', 'locator': '', 'action': '', 'value': '', 'assertion': '', 'condition': '', 'stored_value_key': '', 'timeout': '', 'url': '', 'filepath': '', 'assert_value': '', 'nth': '', 'conditional_key': '', 'conditional_statement': ''},
2024-09-15 12:05:49,080 -INFO - (ActionFunctions/execute_code) page.get_by_title("Search in").select_option("search-alias=electronics")
2024-09-15 12:05:49,780 -INFO - Sheet row: 4
2024-09-15 12:05:49,780 -INFO - Working with Actions in with row details: {'xlwb': <entity.ExcelData.ExcelWorkBook object at 0x0000024F7E5849E0>, 'element_id': 2, 'description': 'Enter Search Value', 'execute': '', 'locator': '//input[@id="twotabsearchtextbox"]', 'action': 'fill', 'value': 'Smartphone', 'assertion': '', 'condition': '', 'stored_value_key': '', 'timeout': 30000, 'url': '', 'filepath': '', 'assert_value': '', 'nth': '', 'conditional_key': '', 'conditional_statement': ''}
2024-09-15 12:05:49,922 -INFO - (ActionFunctions/execute_code) page.locator("//input[@id='twotabsearchtextbox']").nth(0).fill("Smartphone")
2024-09-15 12:05:50,014 -INFO - For 4: Wait(True), Assert(True), Action(True) data:{'xlwb': <entity.ExcelData.ExcelWorkBook object at 0x0000024F7E5849E0>, 'element_id': 2, 'description': 'Enter Search Value', 'execute': '', 'locator': '//input[@id="twotabsearchtextbox"]', 'action': 'fill', 'value': 'Smartphone', 'assertion': '', 'condition': '', 'stored_value_key': '', 'timeout': 30000, 'url': '', 'filepath': '', 'assert_value': '', 'nth': '', 'conditional_key': '', 'conditional_statement': ''}
2024-09-15 12:05:50,015 -INFO - Sheet row: 5
2024-09-15 12:05:50,015 -INFO - Working with Actions in with row details: {'xlwb': <entity.ExcelData.ExcelWorkBook object at 0x0000024F7E5849E0>, 'element_id': 3, 'description': 'Click Search', 'execute': '', 'locator': "//input[@id='nav-search-submit-button']", 'action': 'click', 'value': '', 'assertion': '', 'condition': '', 'stored_value_key': '', 'timeout': 15000, 'url': '', 'filepath': '', 'assert_value': '', 'nth': '', 'conditional_key': '', 'conditional_statement': ''}
2024-09-15 12:05:50,048 -INFO - (ActionFunctions/execute_code) page.locator("//input[@id='nav-search-submit-button']").nth(0).click()
2024-09-15 12:05:50,856 -INFO - For 5: Wait(True), Assert(True), Action(True) data:{'xlwb': <entity.ExcelData.ExcelWorkBook object at 0x0000024F7E5849E0>, 'element_id': 3, 'description': 'Click Search', 'execute': '', 'locator': "//input[@id='nav-search-submit-button']", 'action': 'click', 'value': '', 'assertion': '', 'condition': '', 'stored_value_key': '', 'timeout': 15000, 'url': '', 'filepath': '', 'assert_value': '', 'nth': '', 'conditional_key': '', 'conditional_statement': ''}
2024-09-15 12:05:50,856 -INFO - Sheet row: 6
2024-09-15 12:05:50,856 -INFO - (ExcelControl/execute_module): {'xlwb': <entity.ExcelData.ExcelWorkBook object at 0x0000024F7E5849E0>, 'element_id': 4, 'description': '', 'execute': 'time.sleep(5)', 'locator': '', 'action': '', 'value': '', 'assertion': '', 'condition': '', 'stored_value_key': '', 'timeout': '', 'url': '', 'filepath': '', 'assert_value': '', 'nth': '', 'conditional_key': '', 'conditional_statement': ''},
2024-09-15 12:05:50,857 -INFO - (ActionFunctions/execute_code) time.sleep(5)
2024-09-15 12:05:55,861 -INFO - Sheet row: 7
2024-09-15 12:05:55,867 -INFO - Start Loop Module(sheets): Entry Point #3 {'xlwb': <entity.ExcelData.ExcelWorkBook object at 0x0000024F7E5849E0>, 'element_id': 5, 'description': 'start loop 1', 'execute': '', 'locator': '.s-pagination-next', 'action': '', 'value': '', 'assertion': '', 'condition': '', 'stored_value_key': 'list', 'timeout': 10000, 'url': '', 'filepath': '', 'assert_value': '', 'nth': '', 'conditional_key': '', 'conditional_statement': ''},7
2024-09-15 12:05:55,868 -INFO - SLM loop row: 7
2024-09-15 12:05:55,869 -INFO - Loop Cases Element(slm): Entry Point #6 7,.s-pagination-next, {'xlwb': <entity.ExcelData.ExcelWorkBook object at 0x0000024F7E5849E0>, 'element_id': 5, 'description': 'start loop 1', 'execute': '', 'locator': '.s-pagination-next', 'action': '', 'value': '', 'assertion': '', 'condition': '', 'stored_value_key': 'list', 'timeout': 10000, 'url': '', 'filepath': '', 'assert_value': '', 'nth': '', 'conditional_key': '', 'conditional_statement': ''}
2024-09-15 12:05:55,870 -INFO - Working with Actions in with row details: {'xlwb': <entity.ExcelData.ExcelWorkBook object at 0x0000024F7E5849E0>, 'element_id': 5, 'description': 'start loop 1', 'execute': '', 'locator': '.s-pagination-next', 'action': '', 'value': '', 'assertion': '', 'condition': '', 'stored_value_key': 'list', 'timeout': 10000, 'url': '', 'filepath': '', 'assert_value': '', 'nth': '', 'conditional_key': '', 'conditional_statement': ''}
2024-09-15 12:05:56,333 -INFO - LCE loop row: 8
2024-09-15 12:05:56,333 -INFO - Start Loop Module(loop_cases_element) : Entry Point #5 {'xlwb': <entity.ExcelData.ExcelWorkBook object at 0x0000024F7E5849E0>, 'element_id': 6, 'description': 'start loop 2: amazon first page all products', 'execute': '', 'locator': "//span[@class='a-size-medium a-color-base a-text-normal']", 'action': '', 'value': '', 'assertion': '', 'condition': '', 'stored_value_key': 'product', 'timeout': '', 'url': '', 'filepath': '', 'assert_value': '', 'nth': '', 'conditional_key': '', 'conditional_statement': ''}, 8
2024-09-15 12:05:56,333 -INFO - SLM loop row: 8
2024-09-15 12:05:56,333 -INFO - Loop Cases Element(slm): Entry Point #6 8,//span[@class='a-size-medium a-color-base a-text-normal'], {'xlwb': <entity.ExcelData.ExcelWorkBook object at 0x0000024F7E5849E0>, 'element_id': 6, 'description': 'start loop 2: amazon first page all products', 'execute': '', 'locator': "//span[@class='a-size-medium a-color-base a-text-normal']", 'action': '', 'value': '', 'assertion': '', 'condition': '', 'stored_value_key': 'product', 'timeout': '', 'url': '', 'filepath': '', 'assert_value': '', 'nth': '', 'conditional_key': '', 'conditional_statement': ''}
2024-09-15 12:05:56,333 -INFO - Working with Actions in with row details: {'xlwb': <entity.ExcelData.ExcelWorkBook object at 0x0000024F7E5849E0>, 'element_id': 6, 'description': 'start loop 2: amazon first page all products', 'execute': '', 'locator': "//span[@class='a-size-medium a-color-base a-text-normal']", 'action': '', 'value': '', 'assertion': '', 'condition': '', 'stored_value_key': 'product', 'timeout': '', 'url': '', 'filepath': '', 'assert_value': '', 'nth': '', 'conditional_key': '', 'conditional_statement': ''}
2024-09-15 12:05:56,354 -INFO - LCE loop row: 9
2024-09-15 12:05:56,354 -INFO - Working with Actions in with row details: {'xlwb': <entity.ExcelData.ExcelWorkBook object at 0x0000024F7E5849E0>, 'element_id': 7, 'description': 'Goes to the opened new tab', 'execute': '', 'locator': '', 'action': 'loop new tab', 'value': '', 'assertion': '', 'condition': '', 'stored_value_key': '', 'timeout': '', 'url': '', 'filepath': '', 'assert_value': '', 'nth': '', 'conditional_key': '', 'conditional_statement': ''}
2024-09-15 12:05:56,354 -INFO - (WindowHandler/open_link_in_new_tab_from_element) <Locator frame=<Frame name= url='https://www.amazon.in/s?k=Smartphone&i=electronics&ref=nb_sb_noss'> selector="//span[@class='a-size-medium a-color-base a-text-normal'] >> nth=0">
2024-09-15 12:06:02,025 -INFO - For 9: Wait(True), Assert(True), Action(True) data:{'xlwb': <entity.ExcelData.ExcelWorkBook object at 0x0000024F7E5849E0>, 'element_id': 7, 'description': 'Goes to the opened new tab', 'execute': '', 'locator': '', 'action': 'loop new tab', 'value': '', 'assertion': '', 'condition': '', 'stored_value_key': '', 'timeout': '', 'url': '', 'filepath': '', 'assert_value': '', 'nth': '', 'conditional_key': '', 'conditional_statement': ''}
2024-09-15 12:06:02,026 -INFO - LCE loop row: 10
2024-09-15 12:06:02,026 -INFO - Working with Actions in with row details: {'xlwb': <entity.ExcelData.ExcelWorkBook object at 0x0000024F7E5849E0>, 'element_id': 9, 'description': 'PAGE URL', 'execute': '', 'locator': '', 'action': 'get page url', 'value': '', 'assertion': '', 'condition': '', 'stored_value_key': 'url', 'timeout': '', 'url': '', 'filepath': '', 'assert_value': '', 'nth': '', 'conditional_key': '', 'conditional_statement': ''}
2024-09-15 12:06:02,026 -INFO - (ActionFunctions/execute_code_get_data) {'xlwb': <entity.ExcelData.ExcelWorkBook object at 0x0000024F7E5849E0>, 'element_id': 9, 'description': 'PAGE URL', 'execute': '', 'locator': '', 'action': 'get page url', 'value': '', 'assertion': '', 'condition': '', 'stored_value_key': 'url', 'timeout': '', 'url': '', 'filepath': '', 'assert_value': '', 'nth': '', 'conditional_key': '', 'conditional_statement': ''}
2024-09-15 12:06:02,027 -INFO - For 10: Wait(True), Assert(True), Action(True) data:{'xlwb': <entity.ExcelData.ExcelWorkBook object at 0x0000024F7E5849E0>, 'element_id': 9, 'description': 'PAGE URL', 'execute': '', 'locator': '', 'action': 'get page url', 'value': '', 'assertion': '', 'condition': '', 'stored_value_key': 'url', 'timeout': '', 'url': '', 'filepath': '', 'assert_value': '', 'nth': '', 'conditional_key': '', 'conditional_statement': ''}
2024-09-15 12:06:02,027 -INFO - LCE loop row: 11
2024-09-15 12:06:02,027 -INFO - Working with Actions in with row details: {'xlwb': <entity.ExcelData.ExcelWorkBook object at 0x0000024F7E5849E0>, 'element_id': 14, 'description': 'Close the current tab and goes to parent tab', 'execute': '', 'locator': '', 'action': 'close tab', 'value': '', 'assertion': '', 'condition': '', 'stored_value_key': '', 'timeout': '', 'url': '', 'filepath': '', 'assert_value': '', 'nth': '', 'conditional_key': '', 'conditional_statement': ''}
2024-09-15 12:06:02,027 -INFO - (WindowHandler/close_tab)
2024-09-15 12:06:02,750 -INFO - (WindowHandler/goto_parent_tab)
2024-09-15 12:06:02,864 -INFO - For 11: Wait(True), Assert(True), Action(True) data:{'xlwb': <entity.ExcelData.ExcelWorkBook object at 0x0000024F7E5849E0>, 'element_id': 14, 'description': 'Close the current tab and goes to parent tab', 'execute': '', 'locator': '', 'action': 'close tab', 'value': '', 'assertion': '', 'condition': '', 'stored_value_key': '', 'timeout': '', 'url': '', 'filepath': '', 'assert_value': '', 'nth': '', 'conditional_key': '', 'conditional_statement': ''}
2024-09-15 12:06:02,865 -INFO - LCE loop row: 9
2024-09-15 12:06:02,865 -INFO - Working with Actions in with row details: {'xlwb': <entity.ExcelData.ExcelWorkBook object at 0x0000024F7E5849E0>, 'element_id': 7, 'description': 'Goes to the opened new tab', 'execute': '', 'locator': '', 'action': 'loop new tab', 'value': '', 'assertion': '', 'condition': '', 'stored_value_key': '', 'timeout': '', 'url': '', 'filepath': '', 'assert_value': '', 'nth': '', 'conditional_key': '', 'conditional_statement': ''}
2024-09-15 12:06:02,865 -INFO - (WindowHandler/open_link_in_new_tab_from_element) <Locator frame=<Frame name= url='https://www.amazon.in/s?k=Smartphone&i=electronics&ref=nb_sb_noss'> selector="//span[@class='a-size-medium a-color-base a-text-normal'] >> nth=1">
2024-09-15 12:06:05,492 -INFO - For 9: Wait(True), Assert(True), Action(True) data:{'xlwb': <entity.ExcelData.ExcelWorkBook object at 0x0000024F7E5849E0>, 'element_id': 7, 'description': 'Goes to the opened new tab', 'execute': '', 'locator': '', 'action': 'loop new tab', 'value': '', 'assertion': '', 'condition': '', 'stored_value_key': '', 'timeout': '', 'url': '', 'filepath': '', 'assert_value': '', 'nth': '', 'conditional_key': '', 'conditional_statement': ''}
2024-09-15 12:06:05,492 -INFO - LCE loop row: 10
2024-09-15 12:06:05,492 -INFO - Working with Actions in with row details: {'xlwb': <entity.ExcelData.ExcelWorkBook object at 0x0000024F7E5849E0>, 'element_id': 9, 'description': 'PAGE URL', 'execute': '', 'locator': '', 'action': 'get page url', 'value': '', 'assertion': '', 'condition': '', 'stored_value_key': 'url', 'timeout': '', 'url': '', 'filepath': '', 'assert_value': '', 'nth': '', 'conditional_key': '', 'conditional_statement': ''}
2024-09-15 12:06:05,493 -INFO - (ActionFunctions/execute_code_get_data) {'xlwb': <entity.ExcelData.ExcelWorkBook object at 0x0000024F7E5849E0>, 'element_id': 9, 'description': 'PAGE URL', 'execute': '', 'locator': '', 'action': 'get page url', 'value': '', 'assertion': '', 'condition': '', 'stored_value_key': 'url', 'timeout': '', 'url': '', 'filepath': '', 'assert_value': '', 'nth': '', 'conditional_key': '', 'conditional_statement': ''}
2024-09-15 12:06:05,493 -INFO - For 10: Wait(True), Assert(True), Action(True) data:{'xlwb': <entity.ExcelData.ExcelWorkBook object at 0x0000024F7E5849E0>, 'element_id': 9, 'description': 'PAGE URL', 'execute': '', 'locator': '', 'action': 'get page url', 'value': '', 'assertion': '', 'condition': '', 'stored_value_key': 'url', 'timeout': '', 'url': '', 'filepath': '', 'assert_value': '', 'nth': '', 'conditional_key': '', 'conditional_statement': ''}
2024-09-15 12:06:05,493 -INFO - LCE loop row: 11
2024-09-15 12:06:05,493 -INFO - Working with Actions in with row details: {'xlwb': <entity.ExcelData.ExcelWorkBook object at 0x0000024F7E5849E0>, 'element_id': 14, 'description': 'Close the current tab and goes to parent tab', 'execute': '', 'locator': '', 'action': 'close tab', 'value': '', 'assertion': '', 'condition': '', 'stored_value_key': '', 'timeout': '', 'url': '', 'filepath': '', 'assert_value': '', 'nth': '', 'conditional_key': '', 'conditional_statement': ''}
2024-09-15 12:06:05,494 -INFO - (WindowHandler/close_tab)
2024-09-15 12:06:05,682 -INFO - (WindowHandler/goto_parent_tab)
2024-09-15 12:06:05,698 -INFO - For 11: Wait(True), Assert(True), Action(True) data:{'xlwb': <entity.ExcelData.ExcelWorkBook object at 0x0000024F7E5849E0>, 'element_id': 14, 'description': 'Close the current tab and goes to parent tab', 'execute': '', 'locator': '', 'action': 'close tab', 'value': '', 'assertion': '', 'condition': '', 'stored_value_key': '', 'timeout': '', 'url': '', 'filepath': '', 'assert_value': '', 'nth': '', 'conditional_key': '', 'conditional_statement': ''}
2024-09-15 12:06:05,699 -INFO - LCE loop row: 9
2024-09-15 12:06:05,699 -INFO - Working with Actions in with row details: {'xlwb': <entity.ExcelData.ExcelWorkBook object at 0x0000024F7E5849E0>, 'element_id': 7, 'description': 'Goes to the opened new tab', 'execute': '', 'locator': '', 'action': 'loop new tab', 'value': '', 'assertion': '', 'condition': '', 'stored_value_key': '', 'timeout': '', 'url': '', 'filepath': '', 'assert_value': '', 'nth': '', 'conditional_key': '', 'conditional_statement': ''}
2024-09-15 12:06:05,699 -INFO - (WindowHandler/open_link_in_new_tab_from_element) <Locator frame=<Frame name= url='https://www.amazon.in/s?k=Smartphone&i=electronics&ref=nb_sb_noss'> selector="//span[@class='a-size-medium a-color-base a-text-normal'] >> nth=2">
2024-09-15 12:06:08,482 -INFO - For 9: Wait(True), Assert(True), Action(True) data:{'xlwb': <entity.ExcelData.ExcelWorkBook object at 0x0000024F7E5849E0>, 'element_id': 7, 'description': 'Goes to the opened new tab', 'execute': '', 'locator': '', 'action': 'loop new tab', 'value': '', 'assertion': '', 'condition': '', 'stored_value_key': '', 'timeout': '', 'url': '', 'filepath': '', 'assert_value': '', 'nth': '', 'conditional_key': '', 'conditional_statement': ''}
2024-09-15 12:06:08,483 -INFO - LCE loop row: 10
2024-09-15 12:06:08,483 -INFO - Working with Actions in with row details: {'xlwb': <entity.ExcelData.ExcelWorkBook object at 0x0000024F7E5849E0>, 'element_id': 9, 'description': 'PAGE URL', 'execute': '', 'locator': '', 'action': 'get page url', 'value': '', 'assertion': '', 'condition': '', 'stored_value_key': 'url', 'timeout': '', 'url': '', 'filepath': '', 'assert_value': '', 'nth': '', 'conditional_key': '', 'conditional_statement': ''}
2024-09-15 12:06:08,483 -INFO - (ActionFunctions/execute_code_get_data) {'xlwb': <entity.ExcelData.ExcelWorkBook object at 0x0000024F7E5849E0>, 'element_id': 9, 'description': 'PAGE URL', 'execute': '', 'locator': '', 'action': 'get page url', 'value': '', 'assertion': '', 'condition': '', 'stored_value_key': 'url', 'timeout': '', 'url': '', 'filepath': '', 'assert_value': '', 'nth': '', 'conditional_key': '', 'conditional_statement': ''}
2024-09-15 12:06:08,484 -INFO - For 10: Wait(True), Assert(True), Action(True) data:{'xlwb': <entity.ExcelData.ExcelWorkBook object at 0x0000024F7E5849E0>, 'element_id': 9, 'description': 'PAGE URL', 'execute': '', 'locator': '', 'action': 'get page url', 'value': '', 'assertion': '', 'condition': '', 'stored_value_key': 'url', 'timeout': '', 'url': '', 'filepath': '', 'assert_value': '', 'nth': '', 'conditional_key': '', 'conditional_statement': ''}
2024-09-15 12:06:08,484 -INFO - LCE loop row: 11
2024-09-15 12:06:08,484 -INFO - Working with Actions in with row details: {'xlwb': <entity.ExcelData.ExcelWorkBook object at 0x0000024F7E5849E0>, 'element_id': 14, 'description': 'Close the current tab and goes to parent tab', 'execute': '', 'locator': '', 'action': 'close tab', 'value': '', 'assertion': '', 'condition': '', 'stored_value_key': '', 'timeout': '', 'url': '', 'filepath': '', 'assert_value': '', 'nth': '', 'conditional_key': '', 'conditional_statement': ''}
2024-09-15 12:06:08,485 -INFO - (WindowHandler/close_tab)
2024-09-15 12:06:08,593 -INFO - (WindowHandler/goto_parent_tab)
2024-09-15 12:06:08,606 -INFO - For 11: Wait(True), Assert(True), Action(True) data:{'xlwb': <entity.ExcelData.ExcelWorkBook object at 0x0000024F7E5849E0>, 'element_id': 14, 'description': 'Close the current tab and goes to parent tab', 'execute': '', 'locator': '', 'action': 'close tab', 'value': '', 'assertion': '', 'condition': '', 'stored_value_key': '', 'timeout': '', 'url': '', 'filepath': '', 'assert_value': '', 'nth': '', 'conditional_key': '', 'conditional_statement': ''}
2024-09-15 12:06:08,606 -INFO - Loop Cases Element(slm): Exit Point #6
2024-09-15 12:06:08,607 -INFO - Start Loop Module(loop_cases_element) : Exit Point #5
2024-09-15 12:06:08,607 -INFO - LCE loop row: 13
2024-09-15 12:06:08,608 -INFO - Working with Actions in with row details: {'xlwb': <entity.ExcelData.ExcelWorkBook object at 0x0000024F7E5849E0>, 'element_id': 16, 'description': 'Click on the next button', 'execute': '', 'locator': '.s-pagination-next', 'action': 'click', 'value': '', 'assertion': '', 'condition': '', 'stored_value_key': '', 'timeout': 20000, 'url': '', 'filepath': '', 'assert_value': '', 'nth': '', 'conditional_key': '', 'conditional_statement': ''}
2024-09-15 12:06:08,666 -INFO - (ActionFunctions/execute_code) page.locator(".s-pagination-next").nth(0).click()
2024-09-15 12:06:09,576 -INFO - For 13: Wait(True), Assert(True), Action(True) data:{'xlwb': <entity.ExcelData.ExcelWorkBook object at 0x0000024F7E5849E0>, 'element_id': 16, 'description': 'Click on the next button', 'execute': '', 'locator': '.s-pagination-next', 'action': 'click', 'value': '', 'assertion': '', 'condition': '', 'stored_value_key': '', 'timeout': 20000, 'url': '', 'filepath': '', 'assert_value': '', 'nth': '', 'conditional_key': '', 'conditional_statement': ''}
2024-09-15 12:06:09,576 -INFO - Loop Cases Element(slm): Exit Point #6
2024-09-15 12:06:09,577 -INFO - (ActionFunctions/execute_assert_code) {'xlwb': <entity.ExcelData.ExcelWorkBook object at 0x0000024F7E5849E0>, 'element_id': 17, 'description': 'end loop 1: continuous', 'execute': '', 'locator': '.s-pagination-next', 'action': '', 'value': '', 'assertion': 'soft', 'condition': 'not to have attribute', 'stored_value_key': '', 'timeout': 20000, 'url': '', 'filepath': '', 'assert_value': '"aria-disabled", "true"', 'nth': '', 'conditional_key': '', 'conditional_statement': ''}, expect(page.locator(".s-pagination-next").nth(0),"element has attribute").not_to_have_attribute("aria-disabled", "true")
2024-09-15 12:06:11,777 -INFO - SLM loop row: 14
2024-09-15 12:06:11,778 -INFO - Loop Cases Element(slm): Entry Point #6 14,.s-pagination-next, {'xlwb': <entity.ExcelData.ExcelWorkBook object at 0x0000024F7E5849E0>, 'element_id': 5, 'description': 'start loop 1', 'execute': '', 'locator': '.s-pagination-next', 'action': '', 'value': '', 'assertion': '', 'condition': '', 'stored_value_key': 'list', 'timeout': 10000, 'url': '', 'filepath': '', 'assert_value': '', 'nth': '', 'conditional_key': '', 'conditional_statement': ''}
2024-09-15 12:06:11,778 -INFO - Working with Actions in with row details: {'xlwb': <entity.ExcelData.ExcelWorkBook object at 0x0000024F7E5849E0>, 'element_id': 5, 'description': 'start loop 1', 'execute': '', 'locator': '.s-pagination-next', 'action': '', 'value': '', 'assertion': '', 'condition': '', 'stored_value_key': 'list', 'timeout': 10000, 'url': '', 'filepath': '', 'assert_value': '', 'nth': '', 'conditional_key': '', 'conditional_statement': ''}
2024-09-15 12:06:12,058 -INFO - LCE loop row: 8
2024-09-15 12:06:12,058 -INFO - Start Loop Module(loop_cases_element) : Entry Point #5 {'xlwb': <entity.ExcelData.ExcelWorkBook object at 0x0000024F7E5849E0>, 'element_id': 6, 'description': 'start loop 2: amazon first page all products', 'execute': '', 'locator': "//span[@class='a-size-medium a-color-base a-text-normal']", 'action': '', 'value': '', 'assertion': '', 'condition': '', 'stored_value_key': 'product', 'timeout': '', 'url': '', 'filepath': '', 'assert_value': '', 'nth': '', 'conditional_key': '', 'conditional_statement': ''}, 8
2024-09-15 12:06:12,058 -INFO - SLM loop row: 8
2024-09-15 12:06:12,058 -INFO - Loop Cases Element(slm): Entry Point #6 8,//span[@class='a-size-medium a-color-base a-text-normal'], {'xlwb': <entity.ExcelData.ExcelWorkBook object at 0x0000024F7E5849E0>, 'element_id': 6, 'description': 'start loop 2: amazon first page all products', 'execute': '', 'locator': "//span[@class='a-size-medium a-color-base a-text-normal']", 'action': '', 'value': '', 'assertion': '', 'condition': '', 'stored_value_key': 'product', 'timeout': '', 'url': '', 'filepath': '', 'assert_value': '', 'nth': '', 'conditional_key': '', 'conditional_statement': ''}
2024-09-15 12:06:12,059 -INFO - Working with Actions in with row details: {'xlwb': <entity.ExcelData.ExcelWorkBook object at 0x0000024F7E5849E0>, 'element_id': 6, 'description': 'start loop 2: amazon first page all products', 'execute': '', 'locator': "//span[@class='a-size-medium a-color-base a-text-normal']", 'action': '', 'value': '', 'assertion': '', 'condition': '', 'stored_value_key': 'product', 'timeout': '', 'url': '', 'filepath': '', 'assert_value': '', 'nth': '', 'conditional_key': '', 'conditional_statement': ''}
2024-09-15 12:06:12,071 -INFO - LCE loop row: 9
2024-09-15 12:06:12,071 -INFO - Working with Actions in with row details: {'xlwb': <entity.ExcelData.ExcelWorkBook object at 0x0000024F7E5849E0>, 'element_id': 7, 'description': 'Goes to the opened new tab', 'execute': '', 'locator': '', 'action': 'loop new tab', 'value': '', 'assertion': '', 'condition': '', 'stored_value_key': '', 'timeout': '', 'url': '', 'filepath': '', 'assert_value': '', 'nth': '', 'conditional_key': '', 'conditional_statement': ''}
2024-09-15 12:06:12,072 -INFO - (WindowHandler/open_link_in_new_tab_from_element) <Locator frame=<Frame name= url='https://www.amazon.in/s?k=Smartphone&i=electronics&page=2&qid=1726382150&ref=sr_pg_1'> selector="//span[@class='a-size-medium a-color-base a-text-normal'] >> nth=0">
2024-09-15 12:06:14,084 -INFO - For 9: Wait(True), Assert(True), Action(True) data:{'xlwb': <entity.ExcelData.ExcelWorkBook object at 0x0000024F7E5849E0>, 'element_id': 7, 'description': 'Goes to the opened new tab', 'execute': '', 'locator': '', 'action': 'loop new tab', 'value': '', 'assertion': '', 'condition': '', 'stored_value_key': '', 'timeout': '', 'url': '', 'filepath': '', 'assert_value': '', 'nth': '', 'conditional_key': '', 'conditional_statement': ''}
2024-09-15 12:06:14,086 -INFO - LCE loop row: 10
2024-09-15 12:06:14,086 -INFO - Working with Actions in with row details: {'xlwb': <entity.ExcelData.ExcelWorkBook object at 0x0000024F7E5849E0>, 'element_id': 9, 'description': 'PAGE URL', 'execute': '', 'locator': '', 'action': 'get page url', 'value': '', 'assertion': '', 'condition': '', 'stored_value_key': 'url', 'timeout': '', 'url': '', 'filepath': '', 'assert_value': '', 'nth': '', 'conditional_key': '', 'conditional_statement': ''}
2024-09-15 12:06:14,086 -INFO - (ActionFunctions/execute_code_get_data) {'xlwb': <entity.ExcelData.ExcelWorkBook object at 0x0000024F7E5849E0>, 'element_id': 9, 'description': 'PAGE URL', 'execute': '', 'locator': '', 'action': 'get page url', 'value': '', 'assertion': '', 'condition': '', 'stored_value_key': 'url', 'timeout': '', 'url': '', 'filepath': '', 'assert_value': '', 'nth': '', 'conditional_key': '', 'conditional_statement': ''}
2024-09-15 12:06:14,087 -INFO - For 10: Wait(True), Assert(True), Action(True) data:{'xlwb': <entity.ExcelData.ExcelWorkBook object at 0x0000024F7E5849E0>, 'element_id': 9, 'description': 'PAGE URL', 'execute': '', 'locator': '', 'action': 'get page url', 'value': '', 'assertion': '', 'condition': '', 'stored_value_key': 'url', 'timeout': '', 'url': '', 'filepath': '', 'assert_value': '', 'nth': '', 'conditional_key': '', 'conditional_statement': ''}
2024-09-15 12:06:14,087 -INFO - LCE loop row: 11
2024-09-15 12:06:14,087 -INFO - Working with Actions in with row details: {'xlwb': <entity.ExcelData.ExcelWorkBook object at 0x0000024F7E5849E0>, 'element_id': 14, 'description': 'Close the current tab and goes to parent tab', 'execute': '', 'locator': '', 'action': 'close tab', 'value': '', 'assertion': '', 'condition': '', 'stored_value_key': '', 'timeout': '', 'url': '', 'filepath': '', 'assert_value': '', 'nth': '', 'conditional_key': '', 'conditional_statement': ''}
2024-09-15 12:06:14,087 -INFO - (WindowHandler/close_tab)
2024-09-15 12:06:14,276 -INFO - (WindowHandler/goto_parent_tab)
2024-09-15 12:06:14,293 -INFO - For 11: Wait(True), Assert(True), Action(True) data:{'xlwb': <entity.ExcelData.ExcelWorkBook object at 0x0000024F7E5849E0>, 'element_id': 14, 'description': 'Close the current tab and goes to parent tab', 'execute': '', 'locator': '', 'action': 'close tab', 'value': '', 'assertion': '', 'condition': '', 'stored_value_key': '', 'timeout': '', 'url': '', 'filepath': '', 'assert_value': '', 'nth': '', 'conditional_key': '', 'conditional_statement': ''}
2024-09-15 12:06:14,294 -INFO - LCE loop row: 9
2024-09-15 12:06:14,294 -INFO - Working with Actions in with row details: {'xlwb': <entity.ExcelData.ExcelWorkBook object at 0x0000024F7E5849E0>, 'element_id': 7, 'description': 'Goes to the opened new tab', 'execute': '', 'locator': '', 'action': 'loop new tab', 'value': '', 'assertion': '', 'condition': '', 'stored_value_key': '', 'timeout': '', 'url': '', 'filepath': '', 'assert_value': '', 'nth': '', 'conditional_key': '', 'conditional_statement': ''}
2024-09-15 12:06:14,294 -INFO - (WindowHandler/open_link_in_new_tab_from_element) <Locator frame=<Frame name= url='https://www.amazon.in/s?k=Smartphone&i=electronics&page=2&qid=1726382150&ref=sr_pg_1'> selector="//span[@class='a-size-medium a-color-base a-text-normal'] >> nth=1">
2024-09-15 12:06:16,202 -INFO - For 9: Wait(True), Assert(True), Action(True) data:{'xlwb': <entity.ExcelData.ExcelWorkBook object at 0x0000024F7E5849E0>, 'element_id': 7, 'description': 'Goes to the opened new tab', 'execute': '', 'locator': '', 'action': 'loop new tab', 'value': '', 'assertion': '', 'condition': '', 'stored_value_key': '', 'timeout': '', 'url': '', 'filepath': '', 'assert_value': '', 'nth': '', 'conditional_key': '', 'conditional_statement': ''}
2024-09-15 12:06:16,204 -INFO - LCE loop row: 10
2024-09-15 12:06:16,204 -INFO - Working with Actions in with row details: {'xlwb': <entity.ExcelData.ExcelWorkBook object at 0x0000024F7E5849E0>, 'element_id': 9, 'description': 'PAGE URL', 'execute': '', 'locator': '', 'action': 'get page url', 'value': '', 'assertion': '', 'condition': '', 'stored_value_key': 'url', 'timeout': '', 'url': '', 'filepath': '', 'assert_value': '', 'nth': '', 'conditional_key': '', 'conditional_statement': ''}
2024-09-15 12:06:16,204 -INFO - (ActionFunctions/execute_code_get_data) {'xlwb': <entity.ExcelData.ExcelWorkBook object at 0x0000024F7E5849E0>, 'element_id': 9, 'description': 'PAGE URL', 'execute': '', 'locator': '', 'action': 'get page url', 'value': '', 'assertion': '', 'condition': '', 'stored_value_key': 'url', 'timeout': '', 'url': '', 'filepath': '', 'assert_value': '', 'nth': '', 'conditional_key': '', 'conditional_statement': ''}
2024-09-15 12:06:16,205 -INFO - For 10: Wait(True), Assert(True), Action(True) data:{'xlwb': <entity.ExcelData.ExcelWorkBook object at 0x0000024F7E5849E0>, 'element_id': 9, 'description': 'PAGE URL', 'execute': '', 'locator': '', 'action': 'get page url', 'value': '', 'assertion': '', 'condition': '', 'stored_value_key': 'url', 'timeout': '', 'url': '', 'filepath': '', 'assert_value': '', 'nth': '', 'conditional_key': '', 'conditional_statement': ''}
2024-09-15 12:06:16,205 -INFO - LCE loop row: 11
2024-09-15 12:06:16,205 -INFO - Working with Actions in with row details: {'xlwb': <entity.ExcelData.ExcelWorkBook object at 0x0000024F7E5849E0>, 'element_id': 14, 'description': 'Close the current tab and goes to parent tab', 'execute': '', 'locator': '', 'action': 'close tab', 'value': '', 'assertion': '', 'condition': '', 'stored_value_key': '', 'timeout': '', 'url': '', 'filepath': '', 'assert_value': '', 'nth': '', 'conditional_key': '', 'conditional_statement': ''}
2024-09-15 12:06:16,206 -INFO - (WindowHandler/close_tab)
2024-09-15 12:06:16,389 -INFO - (WindowHandler/goto_parent_tab)
2024-09-15 12:06:16,408 -INFO - For 11: Wait(True), Assert(True), Action(True) data:{'xlwb': <entity.ExcelData.ExcelWorkBook object at 0x0000024F7E5849E0>, 'element_id': 14, 'description': 'Close the current tab and goes to parent tab', 'execute': '', 'locator': '', 'action': 'close tab', 'value': '', 'assertion': '', 'condition': '', 'stored_value_key': '', 'timeout': '', 'url': '', 'filepath': '', 'assert_value': '', 'nth': '', 'conditional_key': '', 'conditional_statement': ''}
2024-09-15 12:06:16,408 -INFO - LCE loop row: 9
2024-09-15 12:06:16,408 -INFO - Working with Actions in with row details: {'xlwb': <entity.ExcelData.ExcelWorkBook object at 0x0000024F7E5849E0>, 'element_id': 7, 'description': 'Goes to the opened new tab', 'execute': '', 'locator': '', 'action': 'loop new tab', 'value': '', 'assertion': '', 'condition': '', 'stored_value_key': '', 'timeout': '', 'url': '', 'filepath': '', 'assert_value': '', 'nth': '', 'conditional_key': '', 'conditional_statement': ''}
2024-09-15 12:06:16,409 -INFO - (WindowHandler/open_link_in_new_tab_from_element) <Locator frame=<Frame name= url='https://www.amazon.in/s?k=Smartphone&i=electronics&page=2&qid=1726382150&ref=sr_pg_1'> selector="//span[@class='a-size-medium a-color-base a-text-normal'] >> nth=2">
2024-09-15 12:06:19,149 -INFO - For 9: Wait(True), Assert(True), Action(True) data:{'xlwb': <entity.ExcelData.ExcelWorkBook object at 0x0000024F7E5849E0>, 'element_id': 7, 'description': 'Goes to the opened new tab', 'execute': '', 'locator': '', 'action': 'loop new tab', 'value': '', 'assertion': '', 'condition': '', 'stored_value_key': '', 'timeout': '', 'url': '', 'filepath': '', 'assert_value': '', 'nth': '', 'conditional_key': '', 'conditional_statement': ''}
2024-09-15 12:06:19,149 -INFO - LCE loop row: 10
2024-09-15 12:06:19,150 -INFO - Working with Actions in with row details: {'xlwb': <entity.ExcelData.ExcelWorkBook object at 0x0000024F7E5849E0>, 'element_id': 9, 'description': 'PAGE URL', 'execute': '', 'locator': '', 'action': 'get page url', 'value': '', 'assertion': '', 'condition': '', 'stored_value_key': 'url', 'timeout': '', 'url': '', 'filepath': '', 'assert_value': '', 'nth': '', 'conditional_key': '', 'conditional_statement': ''}
2024-09-15 12:06:19,153 -INFO - (ActionFunctions/execute_code_get_data) {'xlwb': <entity.ExcelData.ExcelWorkBook object at 0x0000024F7E5849E0>, 'element_id': 9, 'description': 'PAGE URL', 'execute': '', 'locator': '', 'action': 'get page url', 'value': '', 'assertion': '', 'condition': '', 'stored_value_key': 'url', 'timeout': '', 'url': '', 'filepath': '', 'assert_value': '', 'nth': '', 'conditional_key': '', 'conditional_statement': ''}
2024-09-15 12:06:19,153 -INFO - For 10: Wait(True), Assert(True), Action(True) data:{'xlwb': <entity.ExcelData.ExcelWorkBook object at 0x0000024F7E5849E0>, 'element_id': 9, 'description': 'PAGE URL', 'execute': '', 'locator': '', 'action': 'get page url', 'value': '', 'assertion': '', 'condition': '', 'stored_value_key': 'url', 'timeout': '', 'url': '', 'filepath': '', 'assert_value': '', 'nth': '', 'conditional_key': '', 'conditional_statement': ''}
2024-09-15 12:06:19,154 -INFO - LCE loop row: 11
2024-09-15 12:06:19,154 -INFO - Working with Actions in with row details: {'xlwb': <entity.ExcelData.ExcelWorkBook object at 0x0000024F7E5849E0>, 'element_id': 14, 'description': 'Close the current tab and goes to parent tab', 'execute': '', 'locator': '', 'action': 'close tab', 'value': '', 'assertion': '', 'condition': '', 'stored_value_key': '', 'timeout': '', 'url': '', 'filepath': '', 'assert_value': '', 'nth': '', 'conditional_key': '', 'conditional_statement': ''}
2024-09-15 12:06:19,154 -INFO - (WindowHandler/close_tab)
2024-09-15 12:06:19,720 -INFO - (WindowHandler/goto_parent_tab)
2024-09-15 12:06:19,770 -INFO - For 11: Wait(True), Assert(True), Action(True) data:{'xlwb': <entity.ExcelData.ExcelWorkBook object at 0x0000024F7E5849E0>, 'element_id': 14, 'description': 'Close the current tab and goes to parent tab', 'execute': '', 'locator': '', 'action': 'close tab', 'value': '', 'assertion': '', 'condition': '', 'stored_value_key': '', 'timeout': '', 'url': '', 'filepath': '', 'assert_value': '', 'nth': '', 'conditional_key': '', 'conditional_statement': ''}
2024-09-15 12:06:19,770 -INFO - Loop Cases Element(slm): Exit Point #6
2024-09-15 12:06:19,771 -INFO - Start Loop Module(loop_cases_element) : Exit Point #5
2024-09-15 12:06:19,771 -INFO - LCE loop row: 13
2024-09-15 12:06:19,771 -INFO - Working with Actions in with row details: {'xlwb': <entity.ExcelData.ExcelWorkBook object at 0x0000024F7E5849E0>, 'element_id': 16, 'description': 'Click on the next button', 'execute': '', 'locator': '.s-pagination-next', 'action': 'click', 'value': '', 'assertion': '', 'condition': '', 'stored_value_key': '', 'timeout': 20000, 'url': '', 'filepath': '', 'assert_value': '', 'nth': '', 'conditional_key': '', 'conditional_statement': ''}
2024-09-15 12:06:19,825 -INFO - (ActionFunctions/execute_code) page.locator(".s-pagination-next").nth(0).click()
2024-09-15 12:06:20,448 -INFO - For 13: Wait(True), Assert(True), Action(True) data:{'xlwb': <entity.ExcelData.ExcelWorkBook object at 0x0000024F7E5849E0>, 'element_id': 16, 'description': 'Click on the next button', 'execute': '', 'locator': '.s-pagination-next', 'action': 'click', 'value': '', 'assertion': '', 'condition': '', 'stored_value_key': '', 'timeout': 20000, 'url': '', 'filepath': '', 'assert_value': '', 'nth': '', 'conditional_key': '', 'conditional_statement': ''}
2024-09-15 12:06:20,448 -INFO - Loop Cases Element(slm): Exit Point #6
2024-09-15 12:06:20,448 -INFO - (ActionFunctions/execute_assert_code) {'xlwb': <entity.ExcelData.ExcelWorkBook object at 0x0000024F7E5849E0>, 'element_id': 17, 'description': 'end loop 1: continuous', 'execute': '', 'locator': '.s-pagination-next', 'action': '', 'value': '', 'assertion': 'soft', 'condition': 'not to have attribute', 'stored_value_key': '', 'timeout': 20000, 'url': '', 'filepath': '', 'assert_value': '"aria-disabled", "true"', 'nth': '', 'conditional_key': '', 'conditional_statement': ''}, expect(page.locator(".s-pagination-next").nth(0),"element has attribute").not_to_have_attribute("aria-disabled", "true")
2024-09-15 12:06:22,789 -INFO - Start Loop Module(sheets): Exit Point #3
2024-09-15 12:06:22,789 -INFO - Sheet row: 15
2024-09-15 12:06:22,789 -INFO - CreateLinksHTML/create_links_html) url
2024-09-15 12:06:22,795 -INFO - ** sheets: Exit Point #2 **
2024-09-15 12:06:22,805 -INFO - Sheet loop number: 2
2024-09-15 12:06:22,806 -INFO - Sheet loop number: 3
2024-09-15 12:06:23,832 -INFO - StartTest.config: Exit Point #1
