2024-09-15 12:04:05,259 -INFO - Logger initialized
2024-09-15 12:04:05,260 -INFO - StartTest.config: Entry Point #1
2024-09-15 12:04:05,260 -INFO - StartTest.config: {'file_path': 'excel\\Test.xlsx', 'workbook': <openpyxl.workbook.workbook.Workbook object at 0x000002818622B920>, 'current_sheet': <Worksheet "Details">, 'sheet_count': 4, 'sheet_names': ['Details', 'test cdp', 'Dropdowns', 'amazon product urls']}, {'directory_path': 'Reports/Report 2024-09-15 120405', 'code_prog': <utils.Logging.Logging object at 0x0000028188F6AF00>, 'log': <utils.Logging.Logging object at 0x0000028188F6AD20>}
2024-09-15 12:04:20,323 -INFO - Sheet loop number: 0
2024-09-15 12:04:20,324 -INFO - Sheet loop number: 1
2024-09-15 12:04:20,325 -INFO - ** sheets: Entry Point #2 ** test cdp
2024-09-15 12:04:20,325 -INFO - Sheet row: 3
2024-09-15 12:04:20,326 -INFO - (ExcelControl/execute_module): {'xlwb': <entity.ExcelData.ExcelWorkBook object at 0x0000028188BCDB20>, 'element_id': 1, 'description': '', 'execute': 'page.get_by_title("Search in").select_option("search-alias=electronics")', 'locator': '', 'action': '', 'value': '', 'assertion': '', 'condition': '', 'stored_value_key': '', 'timeout': '', 'url': '', 'filepath': '', 'assert_value': '', 'nth': '', 'conditional_key': '', 'conditional_statement': ''},
2024-09-15 12:04:20,326 -INFO - (ActionFunctions/execute_code) page.get_by_title("Search in").select_option("search-alias=electronics")
2024-09-15 12:04:22,387 -INFO - Sheet row: 4
2024-09-15 12:04:22,388 -INFO - Working with Actions in with row details: {'xlwb': <entity.ExcelData.ExcelWorkBook object at 0x0000028188BCDB20>, 'element_id': 2, 'description': 'Enter Search Value', 'execute': '', 'locator': '//input[@id="twotabsearchtextbox"]', 'action': 'fill', 'value': 'Smartphone', 'assertion': '', 'condition': '', 'stored_value_key': '', 'timeout': 30000, 'url': '', 'filepath': '', 'assert_value': '', 'nth': '', 'conditional_key': '', 'conditional_statement': ''}
2024-09-15 12:04:22,942 -INFO - (ActionFunctions/execute_code) page.locator("//input[@id='twotabsearchtextbox']").nth(0).fill("Smartphone")
2024-09-15 12:04:23,801 -INFO - For 4: Wait(True), Assert(True), Action(True) data:{'xlwb': <entity.ExcelData.ExcelWorkBook object at 0x0000028188BCDB20>, 'element_id': 2, 'description': 'Enter Search Value', 'execute': '', 'locator': '//input[@id="twotabsearchtextbox"]', 'action': 'fill', 'value': 'Smartphone', 'assertion': '', 'condition': '', 'stored_value_key': '', 'timeout': 30000, 'url': '', 'filepath': '', 'assert_value': '', 'nth': '', 'conditional_key': '', 'conditional_statement': ''}
2024-09-15 12:04:23,801 -INFO - Sheet row: 5
2024-09-15 12:04:23,801 -INFO - Working with Actions in with row details: {'xlwb': <entity.ExcelData.ExcelWorkBook object at 0x0000028188BCDB20>, 'element_id': 3, 'description': 'Click Search', 'execute': '', 'locator': "//input[@id='nav-search-submit-button']", 'action': 'click', 'value': '', 'assertion': '', 'condition': '', 'stored_value_key': '', 'timeout': 15000, 'url': '', 'filepath': '', 'assert_value': '', 'nth': '', 'conditional_key': '', 'conditional_statement': ''}
2024-09-15 12:04:24,137 -INFO - (ActionFunctions/execute_code) page.locator("//input[@id='nav-search-submit-button']").nth(0).click()
2024-09-15 12:04:24,844 -INFO - For 5: Wait(True), Assert(True), Action(True) data:{'xlwb': <entity.ExcelData.ExcelWorkBook object at 0x0000028188BCDB20>, 'element_id': 3, 'description': 'Click Search', 'execute': '', 'locator': "//input[@id='nav-search-submit-button']", 'action': 'click', 'value': '', 'assertion': '', 'condition': '', 'stored_value_key': '', 'timeout': 15000, 'url': '', 'filepath': '', 'assert_value': '', 'nth': '', 'conditional_key': '', 'conditional_statement': ''}
2024-09-15 12:04:24,845 -INFO - Sheet row: 6
2024-09-15 12:04:24,845 -INFO - (ExcelControl/execute_module): {'xlwb': <entity.ExcelData.ExcelWorkBook object at 0x0000028188BCDB20>, 'element_id': 4, 'description': '', 'execute': 'time.sleep(5)', 'locator': '', 'action': '', 'value': '', 'assertion': '', 'condition': '', 'stored_value_key': '', 'timeout': '', 'url': '', 'filepath': '', 'assert_value': '', 'nth': '', 'conditional_key': '', 'conditional_statement': ''},
2024-09-15 12:04:24,845 -INFO - (ActionFunctions/execute_code) time.sleep(5)
2024-09-15 12:04:29,846 -INFO - Sheet row: 7
2024-09-15 12:04:29,846 -INFO - Start Loop Module(sheets): Entry Point #3 {'xlwb': <entity.ExcelData.ExcelWorkBook object at 0x0000028188BCDB20>, 'element_id': 5, 'description': 'start loop 1', 'execute': '', 'locator': '.s-pagination-next', 'action': '', 'value': '', 'assertion': '', 'condition': '', 'stored_value_key': 'list', 'timeout': 10000, 'url': '', 'filepath': '', 'assert_value': '', 'nth': '', 'conditional_key': '', 'conditional_statement': ''},7
2024-09-15 12:04:29,846 -INFO - SLM loop row: 7
2024-09-15 12:04:29,846 -INFO - Loop Cases Element(slm): Entry Point #6 7,.s-pagination-next, {'xlwb': <entity.ExcelData.ExcelWorkBook object at 0x0000028188BCDB20>, 'element_id': 5, 'description': 'start loop 1', 'execute': '', 'locator': '.s-pagination-next', 'action': '', 'value': '', 'assertion': '', 'condition': '', 'stored_value_key': 'list', 'timeout': 10000, 'url': '', 'filepath': '', 'assert_value': '', 'nth': '', 'conditional_key': '', 'conditional_statement': ''}
2024-09-15 12:04:29,846 -INFO - Working with Actions in with row details: {'xlwb': <entity.ExcelData.ExcelWorkBook object at 0x0000028188BCDB20>, 'element_id': 5, 'description': 'start loop 1', 'execute': '', 'locator': '.s-pagination-next', 'action': '', 'value': '', 'assertion': '', 'condition': '', 'stored_value_key': 'list', 'timeout': 10000, 'url': '', 'filepath': '', 'assert_value': '', 'nth': '', 'conditional_key': '', 'conditional_statement': ''}
2024-09-15 12:04:29,917 -INFO - LCE loop row: 8
2024-09-15 12:04:29,917 -INFO - Start Loop Module(loop_cases_element) : Entry Point #5 {'xlwb': <entity.ExcelData.ExcelWorkBook object at 0x0000028188BCDB20>, 'element_id': 6, 'description': 'start loop 2: amazon first page all products', 'execute': '', 'locator': "//span[@class='a-size-medium a-color-base a-text-normal']", 'action': '', 'value': '', 'assertion': '', 'condition': '', 'stored_value_key': 'product', 'timeout': '', 'url': '', 'filepath': '', 'assert_value': '', 'nth': '', 'conditional_key': '', 'conditional_statement': ''}, 8
2024-09-15 12:04:29,917 -INFO - SLM loop row: 8
2024-09-15 12:04:29,917 -INFO - Loop Cases Element(slm): Entry Point #6 8,//span[@class='a-size-medium a-color-base a-text-normal'], {'xlwb': <entity.ExcelData.ExcelWorkBook object at 0x0000028188BCDB20>, 'element_id': 6, 'description': 'start loop 2: amazon first page all products', 'execute': '', 'locator': "//span[@class='a-size-medium a-color-base a-text-normal']", 'action': '', 'value': '', 'assertion': '', 'condition': '', 'stored_value_key': 'product', 'timeout': '', 'url': '', 'filepath': '', 'assert_value': '', 'nth': '', 'conditional_key': '', 'conditional_statement': ''}
2024-09-15 12:04:29,917 -INFO - Working with Actions in with row details: {'xlwb': <entity.ExcelData.ExcelWorkBook object at 0x0000028188BCDB20>, 'element_id': 6, 'description': 'start loop 2: amazon first page all products', 'execute': '', 'locator': "//span[@class='a-size-medium a-color-base a-text-normal']", 'action': '', 'value': '', 'assertion': '', 'condition': '', 'stored_value_key': 'product', 'timeout': '', 'url': '', 'filepath': '', 'assert_value': '', 'nth': '', 'conditional_key': '', 'conditional_statement': ''}
2024-09-15 12:04:29,927 -INFO - LCE loop row: 9
2024-09-15 12:04:29,928 -INFO - Working with Actions in with row details: {'xlwb': <entity.ExcelData.ExcelWorkBook object at 0x0000028188BCDB20>, 'element_id': 7, 'description': 'Goes to the opened new tab', 'execute': '', 'locator': '', 'action': 'loop new tab', 'value': '', 'assertion': '', 'condition': '', 'stored_value_key': '', 'timeout': '', 'url': '', 'filepath': '', 'assert_value': '', 'nth': '', 'conditional_key': '', 'conditional_statement': ''}
2024-09-15 12:04:29,928 -INFO - (WindowHandler/open_link_in_new_tab_from_element) <Locator frame=<Frame name= url='https://www.amazon.in/s?k=Smartphone&i=electronics&crid=2NRW6EEA064BD&sprefix=smartphone%2Celectronics%2C324&ref=nb_sb_noss_2'> selector="//span[@class='a-size-medium a-color-base a-text-normal'] >> nth=0">
2024-09-15 12:04:33,409 -INFO - For 9: Wait(True), Assert(True), Action(True) data:{'xlwb': <entity.ExcelData.ExcelWorkBook object at 0x0000028188BCDB20>, 'element_id': 7, 'description': 'Goes to the opened new tab', 'execute': '', 'locator': '', 'action': 'loop new tab', 'value': '', 'assertion': '', 'condition': '', 'stored_value_key': '', 'timeout': '', 'url': '', 'filepath': '', 'assert_value': '', 'nth': '', 'conditional_key': '', 'conditional_statement': ''}
2024-09-15 12:04:33,409 -INFO - LCE loop row: 10
2024-09-15 12:04:33,410 -INFO - Working with Actions in with row details: {'xlwb': <entity.ExcelData.ExcelWorkBook object at 0x0000028188BCDB20>, 'element_id': 9, 'description': 'PAGE URL', 'execute': '', 'locator': '', 'action': 'get page url', 'value': '', 'assertion': '', 'condition': '', 'stored_value_key': 'url', 'timeout': '', 'url': '', 'filepath': '', 'assert_value': '', 'nth': '', 'conditional_key': '', 'conditional_statement': ''}
2024-09-15 12:04:33,410 -INFO - (ActionFunctions/execute_code_get_data) {'xlwb': <entity.ExcelData.ExcelWorkBook object at 0x0000028188BCDB20>, 'element_id': 9, 'description': 'PAGE URL', 'execute': '', 'locator': '', 'action': 'get page url', 'value': '', 'assertion': '', 'condition': '', 'stored_value_key': 'url', 'timeout': '', 'url': '', 'filepath': '', 'assert_value': '', 'nth': '', 'conditional_key': '', 'conditional_statement': ''}
2024-09-15 12:04:33,410 -INFO - For 10: Wait(True), Assert(True), Action(True) data:{'xlwb': <entity.ExcelData.ExcelWorkBook object at 0x0000028188BCDB20>, 'element_id': 9, 'description': 'PAGE URL', 'execute': '', 'locator': '', 'action': 'get page url', 'value': '', 'assertion': '', 'condition': '', 'stored_value_key': 'url', 'timeout': '', 'url': '', 'filepath': '', 'assert_value': '', 'nth': '', 'conditional_key': '', 'conditional_statement': ''}
2024-09-15 12:04:33,413 -INFO - LCE loop row: 11
2024-09-15 12:04:33,413 -INFO - Working with Actions in with row details: {'xlwb': <entity.ExcelData.ExcelWorkBook object at 0x0000028188BCDB20>, 'element_id': 14, 'description': 'Close the current tab and goes to parent tab', 'execute': '', 'locator': '', 'action': 'close tab', 'value': '', 'assertion': '', 'condition': '', 'stored_value_key': '', 'timeout': '', 'url': '', 'filepath': '', 'assert_value': '', 'nth': '', 'conditional_key': '', 'conditional_statement': ''}
2024-09-15 12:04:33,413 -INFO - (WindowHandler/close_tab)
2024-09-15 12:04:33,953 -INFO - (WindowHandler/goto_parent_tab)
2024-09-15 12:04:33,968 -INFO - For 11: Wait(True), Assert(True), Action(True) data:{'xlwb': <entity.ExcelData.ExcelWorkBook object at 0x0000028188BCDB20>, 'element_id': 14, 'description': 'Close the current tab and goes to parent tab', 'execute': '', 'locator': '', 'action': 'close tab', 'value': '', 'assertion': '', 'condition': '', 'stored_value_key': '', 'timeout': '', 'url': '', 'filepath': '', 'assert_value': '', 'nth': '', 'conditional_key': '', 'conditional_statement': ''}
2024-09-15 12:04:33,968 -INFO - LCE loop row: 9
2024-09-15 12:04:33,969 -INFO - Working with Actions in with row details: {'xlwb': <entity.ExcelData.ExcelWorkBook object at 0x0000028188BCDB20>, 'element_id': 7, 'description': 'Goes to the opened new tab', 'execute': '', 'locator': '', 'action': 'loop new tab', 'value': '', 'assertion': '', 'condition': '', 'stored_value_key': '', 'timeout': '', 'url': '', 'filepath': '', 'assert_value': '', 'nth': '', 'conditional_key': '', 'conditional_statement': ''}
2024-09-15 12:04:33,969 -INFO - (WindowHandler/open_link_in_new_tab_from_element) <Locator frame=<Frame name= url='https://www.amazon.in/s?k=Smartphone&i=electronics&crid=2NRW6EEA064BD&sprefix=smartphone%2Celectronics%2C324&ref=nb_sb_noss_2'> selector="//span[@class='a-size-medium a-color-base a-text-normal'] >> nth=1">
2024-09-15 12:04:36,078 -INFO - For 9: Wait(True), Assert(True), Action(True) data:{'xlwb': <entity.ExcelData.ExcelWorkBook object at 0x0000028188BCDB20>, 'element_id': 7, 'description': 'Goes to the opened new tab', 'execute': '', 'locator': '', 'action': 'loop new tab', 'value': '', 'assertion': '', 'condition': '', 'stored_value_key': '', 'timeout': '', 'url': '', 'filepath': '', 'assert_value': '', 'nth': '', 'conditional_key': '', 'conditional_statement': ''}
2024-09-15 12:04:36,079 -INFO - LCE loop row: 10
2024-09-15 12:04:36,079 -INFO - Working with Actions in with row details: {'xlwb': <entity.ExcelData.ExcelWorkBook object at 0x0000028188BCDB20>, 'element_id': 9, 'description': 'PAGE URL', 'execute': '', 'locator': '', 'action': 'get page url', 'value': '', 'assertion': '', 'condition': '', 'stored_value_key': 'url', 'timeout': '', 'url': '', 'filepath': '', 'assert_value': '', 'nth': '', 'conditional_key': '', 'conditional_statement': ''}
2024-09-15 12:04:36,079 -INFO - (ActionFunctions/execute_code_get_data) {'xlwb': <entity.ExcelData.ExcelWorkBook object at 0x0000028188BCDB20>, 'element_id': 9, 'description': 'PAGE URL', 'execute': '', 'locator': '', 'action': 'get page url', 'value': '', 'assertion': '', 'condition': '', 'stored_value_key': 'url', 'timeout': '', 'url': '', 'filepath': '', 'assert_value': '', 'nth': '', 'conditional_key': '', 'conditional_statement': ''}
2024-09-15 12:04:36,080 -INFO - For 10: Wait(True), Assert(True), Action(True) data:{'xlwb': <entity.ExcelData.ExcelWorkBook object at 0x0000028188BCDB20>, 'element_id': 9, 'description': 'PAGE URL', 'execute': '', 'locator': '', 'action': 'get page url', 'value': '', 'assertion': '', 'condition': '', 'stored_value_key': 'url', 'timeout': '', 'url': '', 'filepath': '', 'assert_value': '', 'nth': '', 'conditional_key': '', 'conditional_statement': ''}
2024-09-15 12:04:36,080 -INFO - LCE loop row: 11
2024-09-15 12:04:36,080 -INFO - Working with Actions in with row details: {'xlwb': <entity.ExcelData.ExcelWorkBook object at 0x0000028188BCDB20>, 'element_id': 14, 'description': 'Close the current tab and goes to parent tab', 'execute': '', 'locator': '', 'action': 'close tab', 'value': '', 'assertion': '', 'condition': '', 'stored_value_key': '', 'timeout': '', 'url': '', 'filepath': '', 'assert_value': '', 'nth': '', 'conditional_key': '', 'conditional_statement': ''}
2024-09-15 12:04:36,080 -INFO - (WindowHandler/close_tab)
2024-09-15 12:04:36,237 -INFO - (WindowHandler/goto_parent_tab)
2024-09-15 12:04:36,255 -INFO - For 11: Wait(True), Assert(True), Action(True) data:{'xlwb': <entity.ExcelData.ExcelWorkBook object at 0x0000028188BCDB20>, 'element_id': 14, 'description': 'Close the current tab and goes to parent tab', 'execute': '', 'locator': '', 'action': 'close tab', 'value': '', 'assertion': '', 'condition': '', 'stored_value_key': '', 'timeout': '', 'url': '', 'filepath': '', 'assert_value': '', 'nth': '', 'conditional_key': '', 'conditional_statement': ''}
2024-09-15 12:04:36,256 -INFO - LCE loop row: 9
2024-09-15 12:04:36,256 -INFO - Working with Actions in with row details: {'xlwb': <entity.ExcelData.ExcelWorkBook object at 0x0000028188BCDB20>, 'element_id': 7, 'description': 'Goes to the opened new tab', 'execute': '', 'locator': '', 'action': 'loop new tab', 'value': '', 'assertion': '', 'condition': '', 'stored_value_key': '', 'timeout': '', 'url': '', 'filepath': '', 'assert_value': '', 'nth': '', 'conditional_key': '', 'conditional_statement': ''}
2024-09-15 12:04:36,256 -INFO - (WindowHandler/open_link_in_new_tab_from_element) <Locator frame=<Frame name= url='https://www.amazon.in/s?k=Smartphone&i=electronics&crid=2NRW6EEA064BD&sprefix=smartphone%2Celectronics%2C324&ref=nb_sb_noss_2'> selector="//span[@class='a-size-medium a-color-base a-text-normal'] >> nth=2">
2024-09-15 12:04:39,464 -INFO - For 9: Wait(True), Assert(True), Action(True) data:{'xlwb': <entity.ExcelData.ExcelWorkBook object at 0x0000028188BCDB20>, 'element_id': 7, 'description': 'Goes to the opened new tab', 'execute': '', 'locator': '', 'action': 'loop new tab', 'value': '', 'assertion': '', 'condition': '', 'stored_value_key': '', 'timeout': '', 'url': '', 'filepath': '', 'assert_value': '', 'nth': '', 'conditional_key': '', 'conditional_statement': ''}
2024-09-15 12:04:39,464 -INFO - LCE loop row: 10
2024-09-15 12:04:39,464 -INFO - Working with Actions in with row details: {'xlwb': <entity.ExcelData.ExcelWorkBook object at 0x0000028188BCDB20>, 'element_id': 9, 'description': 'PAGE URL', 'execute': '', 'locator': '', 'action': 'get page url', 'value': '', 'assertion': '', 'condition': '', 'stored_value_key': 'url', 'timeout': '', 'url': '', 'filepath': '', 'assert_value': '', 'nth': '', 'conditional_key': '', 'conditional_statement': ''}
2024-09-15 12:04:39,465 -INFO - (ActionFunctions/execute_code_get_data) {'xlwb': <entity.ExcelData.ExcelWorkBook object at 0x0000028188BCDB20>, 'element_id': 9, 'description': 'PAGE URL', 'execute': '', 'locator': '', 'action': 'get page url', 'value': '', 'assertion': '', 'condition': '', 'stored_value_key': 'url', 'timeout': '', 'url': '', 'filepath': '', 'assert_value': '', 'nth': '', 'conditional_key': '', 'conditional_statement': ''}
2024-09-15 12:04:39,465 -INFO - For 10: Wait(True), Assert(True), Action(True) data:{'xlwb': <entity.ExcelData.ExcelWorkBook object at 0x0000028188BCDB20>, 'element_id': 9, 'description': 'PAGE URL', 'execute': '', 'locator': '', 'action': 'get page url', 'value': '', 'assertion': '', 'condition': '', 'stored_value_key': 'url', 'timeout': '', 'url': '', 'filepath': '', 'assert_value': '', 'nth': '', 'conditional_key': '', 'conditional_statement': ''}
2024-09-15 12:04:39,465 -INFO - LCE loop row: 11
2024-09-15 12:04:39,465 -INFO - Working with Actions in with row details: {'xlwb': <entity.ExcelData.ExcelWorkBook object at 0x0000028188BCDB20>, 'element_id': 14, 'description': 'Close the current tab and goes to parent tab', 'execute': '', 'locator': '', 'action': 'close tab', 'value': '', 'assertion': '', 'condition': '', 'stored_value_key': '', 'timeout': '', 'url': '', 'filepath': '', 'assert_value': '', 'nth': '', 'conditional_key': '', 'conditional_statement': ''}
2024-09-15 12:04:39,466 -INFO - (WindowHandler/close_tab)
2024-09-15 12:04:40,120 -INFO - (WindowHandler/goto_parent_tab)
2024-09-15 12:04:40,152 -INFO - For 11: Wait(True), Assert(True), Action(True) data:{'xlwb': <entity.ExcelData.ExcelWorkBook object at 0x0000028188BCDB20>, 'element_id': 14, 'description': 'Close the current tab and goes to parent tab', 'execute': '', 'locator': '', 'action': 'close tab', 'value': '', 'assertion': '', 'condition': '', 'stored_value_key': '', 'timeout': '', 'url': '', 'filepath': '', 'assert_value': '', 'nth': '', 'conditional_key': '', 'conditional_statement': ''}
2024-09-15 12:04:40,152 -INFO - Loop Cases Element(slm): Exit Point #6
2024-09-15 12:04:40,152 -INFO - Start Loop Module(loop_cases_element) : Exit Point #5
2024-09-15 12:04:40,153 -INFO - LCE loop row: 13
2024-09-15 12:04:40,153 -INFO - Working with Actions in with row details: {'xlwb': <entity.ExcelData.ExcelWorkBook object at 0x0000028188BCDB20>, 'element_id': 16, 'description': 'Click on the next button', 'execute': '', 'locator': '.s-pagination-next', 'action': 'click', 'value': '', 'assertion': '', 'condition': '', 'stored_value_key': '', 'timeout': 20000, 'url': '', 'filepath': '', 'assert_value': '', 'nth': '', 'conditional_key': '', 'conditional_statement': ''}
2024-09-15 12:04:40,231 -INFO - (ActionFunctions/execute_code) page.locator(".s-pagination-next").nth(0).click()
2024-09-15 12:04:40,694 -INFO - For 13: Wait(True), Assert(True), Action(True) data:{'xlwb': <entity.ExcelData.ExcelWorkBook object at 0x0000028188BCDB20>, 'element_id': 16, 'description': 'Click on the next button', 'execute': '', 'locator': '.s-pagination-next', 'action': 'click', 'value': '', 'assertion': '', 'condition': '', 'stored_value_key': '', 'timeout': 20000, 'url': '', 'filepath': '', 'assert_value': '', 'nth': '', 'conditional_key': '', 'conditional_statement': ''}
2024-09-15 12:04:40,695 -INFO - Loop Cases Element(slm): Exit Point #6
2024-09-15 12:04:40,695 -INFO - (ActionFunctions/execute_assert_code) {'xlwb': <entity.ExcelData.ExcelWorkBook object at 0x0000028188BCDB20>, 'element_id': 17, 'description': 'end loop 1: continuous', 'execute': '', 'locator': '.s-pagination-next', 'action': '', 'value': '', 'assertion': 'soft', 'condition': 'not to have attribute', 'stored_value_key': '', 'timeout': 20000, 'url': '', 'filepath': '', 'assert_value': '"aria-disabled", "true"', 'nth': '', 'conditional_key': '', 'conditional_statement': ''}, expect(page.locator(".s-pagination-next").nth(0),"element has attribute").not_to_have_attribute("aria-disabled", "true")
2024-09-15 12:04:42,278 -INFO - SLM loop row: 14
2024-09-15 12:04:42,278 -INFO - Loop Cases Element(slm): Entry Point #6 14,.s-pagination-next, {'xlwb': <entity.ExcelData.ExcelWorkBook object at 0x0000028188BCDB20>, 'element_id': 5, 'description': 'start loop 1', 'execute': '', 'locator': '.s-pagination-next', 'action': '', 'value': '', 'assertion': '', 'condition': '', 'stored_value_key': 'list', 'timeout': 10000, 'url': '', 'filepath': '', 'assert_value': '', 'nth': '', 'conditional_key': '', 'conditional_statement': ''}
2024-09-15 12:04:42,278 -INFO - Working with Actions in with row details: {'xlwb': <entity.ExcelData.ExcelWorkBook object at 0x0000028188BCDB20>, 'element_id': 5, 'description': 'start loop 1', 'execute': '', 'locator': '.s-pagination-next', 'action': '', 'value': '', 'assertion': '', 'condition': '', 'stored_value_key': 'list', 'timeout': 10000, 'url': '', 'filepath': '', 'assert_value': '', 'nth': '', 'conditional_key': '', 'conditional_statement': ''}
2024-09-15 12:04:42,494 -INFO - LCE loop row: 8
2024-09-15 12:04:42,494 -INFO - Start Loop Module(loop_cases_element) : Entry Point #5 {'xlwb': <entity.ExcelData.ExcelWorkBook object at 0x0000028188BCDB20>, 'element_id': 6, 'description': 'start loop 2: amazon first page all products', 'execute': '', 'locator': "//span[@class='a-size-medium a-color-base a-text-normal']", 'action': '', 'value': '', 'assertion': '', 'condition': '', 'stored_value_key': 'product', 'timeout': '', 'url': '', 'filepath': '', 'assert_value': '', 'nth': '', 'conditional_key': '', 'conditional_statement': ''}, 8
2024-09-15 12:04:42,495 -INFO - SLM loop row: 8
2024-09-15 12:04:42,495 -INFO - Loop Cases Element(slm): Entry Point #6 8,//span[@class='a-size-medium a-color-base a-text-normal'], {'xlwb': <entity.ExcelData.ExcelWorkBook object at 0x0000028188BCDB20>, 'element_id': 6, 'description': 'start loop 2: amazon first page all products', 'execute': '', 'locator': "//span[@class='a-size-medium a-color-base a-text-normal']", 'action': '', 'value': '', 'assertion': '', 'condition': '', 'stored_value_key': 'product', 'timeout': '', 'url': '', 'filepath': '', 'assert_value': '', 'nth': '', 'conditional_key': '', 'conditional_statement': ''}
2024-09-15 12:04:42,495 -INFO - Working with Actions in with row details: {'xlwb': <entity.ExcelData.ExcelWorkBook object at 0x0000028188BCDB20>, 'element_id': 6, 'description': 'start loop 2: amazon first page all products', 'execute': '', 'locator': "//span[@class='a-size-medium a-color-base a-text-normal']", 'action': '', 'value': '', 'assertion': '', 'condition': '', 'stored_value_key': 'product', 'timeout': '', 'url': '', 'filepath': '', 'assert_value': '', 'nth': '', 'conditional_key': '', 'conditional_statement': ''}
2024-09-15 12:04:42,505 -INFO - LCE loop row: 9
2024-09-15 12:04:42,505 -INFO - Working with Actions in with row details: {'xlwb': <entity.ExcelData.ExcelWorkBook object at 0x0000028188BCDB20>, 'element_id': 7, 'description': 'Goes to the opened new tab', 'execute': '', 'locator': '', 'action': 'loop new tab', 'value': '', 'assertion': '', 'condition': '', 'stored_value_key': '', 'timeout': '', 'url': '', 'filepath': '', 'assert_value': '', 'nth': '', 'conditional_key': '', 'conditional_statement': ''}
2024-09-15 12:04:42,506 -INFO - (WindowHandler/open_link_in_new_tab_from_element) <Locator frame=<Frame name= url='https://www.amazon.in/s?k=Smartphone&i=electronics&page=2&crid=2NRW6EEA064BD&qid=1726382065&sprefix=smartphone%2Celectronics%2C324&ref=sr_pg_1'> selector="//span[@class='a-size-medium a-color-base a-text-normal'] >> nth=0">
2024-09-15 12:04:44,456 -INFO - For 9: Wait(True), Assert(True), Action(True) data:{'xlwb': <entity.ExcelData.ExcelWorkBook object at 0x0000028188BCDB20>, 'element_id': 7, 'description': 'Goes to the opened new tab', 'execute': '', 'locator': '', 'action': 'loop new tab', 'value': '', 'assertion': '', 'condition': '', 'stored_value_key': '', 'timeout': '', 'url': '', 'filepath': '', 'assert_value': '', 'nth': '', 'conditional_key': '', 'conditional_statement': ''}
2024-09-15 12:04:44,456 -INFO - LCE loop row: 10
2024-09-15 12:04:44,456 -INFO - Working with Actions in with row details: {'xlwb': <entity.ExcelData.ExcelWorkBook object at 0x0000028188BCDB20>, 'element_id': 9, 'description': 'PAGE URL', 'execute': '', 'locator': '', 'action': 'get page url', 'value': '', 'assertion': '', 'condition': '', 'stored_value_key': 'url', 'timeout': '', 'url': '', 'filepath': '', 'assert_value': '', 'nth': '', 'conditional_key': '', 'conditional_statement': ''}
2024-09-15 12:04:44,456 -INFO - (ActionFunctions/execute_code_get_data) {'xlwb': <entity.ExcelData.ExcelWorkBook object at 0x0000028188BCDB20>, 'element_id': 9, 'description': 'PAGE URL', 'execute': '', 'locator': '', 'action': 'get page url', 'value': '', 'assertion': '', 'condition': '', 'stored_value_key': 'url', 'timeout': '', 'url': '', 'filepath': '', 'assert_value': '', 'nth': '', 'conditional_key': '', 'conditional_statement': ''}
2024-09-15 12:04:44,456 -INFO - For 10: Wait(True), Assert(True), Action(True) data:{'xlwb': <entity.ExcelData.ExcelWorkBook object at 0x0000028188BCDB20>, 'element_id': 9, 'description': 'PAGE URL', 'execute': '', 'locator': '', 'action': 'get page url', 'value': '', 'assertion': '', 'condition': '', 'stored_value_key': 'url', 'timeout': '', 'url': '', 'filepath': '', 'assert_value': '', 'nth': '', 'conditional_key': '', 'conditional_statement': ''}
2024-09-15 12:04:44,457 -INFO - LCE loop row: 11
2024-09-15 12:04:44,457 -INFO - Working with Actions in with row details: {'xlwb': <entity.ExcelData.ExcelWorkBook object at 0x0000028188BCDB20>, 'element_id': 14, 'description': 'Close the current tab and goes to parent tab', 'execute': '', 'locator': '', 'action': 'close tab', 'value': '', 'assertion': '', 'condition': '', 'stored_value_key': '', 'timeout': '', 'url': '', 'filepath': '', 'assert_value': '', 'nth': '', 'conditional_key': '', 'conditional_statement': ''}
2024-09-15 12:04:44,457 -INFO - (WindowHandler/close_tab)
2024-09-15 12:04:44,580 -INFO - (WindowHandler/goto_parent_tab)
2024-09-15 12:04:44,651 -INFO - For 11: Wait(True), Assert(True), Action(True) data:{'xlwb': <entity.ExcelData.ExcelWorkBook object at 0x0000028188BCDB20>, 'element_id': 14, 'description': 'Close the current tab and goes to parent tab', 'execute': '', 'locator': '', 'action': 'close tab', 'value': '', 'assertion': '', 'condition': '', 'stored_value_key': '', 'timeout': '', 'url': '', 'filepath': '', 'assert_value': '', 'nth': '', 'conditional_key': '', 'conditional_statement': ''}
2024-09-15 12:04:44,652 -INFO - LCE loop row: 9
2024-09-15 12:04:44,652 -INFO - Working with Actions in with row details: {'xlwb': <entity.ExcelData.ExcelWorkBook object at 0x0000028188BCDB20>, 'element_id': 7, 'description': 'Goes to the opened new tab', 'execute': '', 'locator': '', 'action': 'loop new tab', 'value': '', 'assertion': '', 'condition': '', 'stored_value_key': '', 'timeout': '', 'url': '', 'filepath': '', 'assert_value': '', 'nth': '', 'conditional_key': '', 'conditional_statement': ''}
2024-09-15 12:04:44,652 -INFO - (WindowHandler/open_link_in_new_tab_from_element) <Locator frame=<Frame name= url='https://www.amazon.in/s?k=Smartphone&i=electronics&page=2&crid=2NRW6EEA064BD&qid=1726382065&sprefix=smartphone%2Celectronics%2C324&ref=sr_pg_1'> selector="//span[@class='a-size-medium a-color-base a-text-normal'] >> nth=1">
2024-09-15 12:04:46,773 -INFO - For 9: Wait(True), Assert(True), Action(True) data:{'xlwb': <entity.ExcelData.ExcelWorkBook object at 0x0000028188BCDB20>, 'element_id': 7, 'description': 'Goes to the opened new tab', 'execute': '', 'locator': '', 'action': 'loop new tab', 'value': '', 'assertion': '', 'condition': '', 'stored_value_key': '', 'timeout': '', 'url': '', 'filepath': '', 'assert_value': '', 'nth': '', 'conditional_key': '', 'conditional_statement': ''}
2024-09-15 12:04:46,773 -INFO - LCE loop row: 10
2024-09-15 12:04:46,774 -INFO - Working with Actions in with row details: {'xlwb': <entity.ExcelData.ExcelWorkBook object at 0x0000028188BCDB20>, 'element_id': 9, 'description': 'PAGE URL', 'execute': '', 'locator': '', 'action': 'get page url', 'value': '', 'assertion': '', 'condition': '', 'stored_value_key': 'url', 'timeout': '', 'url': '', 'filepath': '', 'assert_value': '', 'nth': '', 'conditional_key': '', 'conditional_statement': ''}
2024-09-15 12:04:46,774 -INFO - (ActionFunctions/execute_code_get_data) {'xlwb': <entity.ExcelData.ExcelWorkBook object at 0x0000028188BCDB20>, 'element_id': 9, 'description': 'PAGE URL', 'execute': '', 'locator': '', 'action': 'get page url', 'value': '', 'assertion': '', 'condition': '', 'stored_value_key': 'url', 'timeout': '', 'url': '', 'filepath': '', 'assert_value': '', 'nth': '', 'conditional_key': '', 'conditional_statement': ''}
2024-09-15 12:04:46,774 -INFO - For 10: Wait(True), Assert(True), Action(True) data:{'xlwb': <entity.ExcelData.ExcelWorkBook object at 0x0000028188BCDB20>, 'element_id': 9, 'description': 'PAGE URL', 'execute': '', 'locator': '', 'action': 'get page url', 'value': '', 'assertion': '', 'condition': '', 'stored_value_key': 'url', 'timeout': '', 'url': '', 'filepath': '', 'assert_value': '', 'nth': '', 'conditional_key': '', 'conditional_statement': ''}
2024-09-15 12:04:46,775 -INFO - LCE loop row: 11
2024-09-15 12:04:46,775 -INFO - Working with Actions in with row details: {'xlwb': <entity.ExcelData.ExcelWorkBook object at 0x0000028188BCDB20>, 'element_id': 14, 'description': 'Close the current tab and goes to parent tab', 'execute': '', 'locator': '', 'action': 'close tab', 'value': '', 'assertion': '', 'condition': '', 'stored_value_key': '', 'timeout': '', 'url': '', 'filepath': '', 'assert_value': '', 'nth': '', 'conditional_key': '', 'conditional_statement': ''}
2024-09-15 12:04:46,775 -INFO - (WindowHandler/close_tab)
2024-09-15 12:04:46,889 -INFO - (WindowHandler/goto_parent_tab)
2024-09-15 12:04:46,901 -INFO - For 11: Wait(True), Assert(True), Action(True) data:{'xlwb': <entity.ExcelData.ExcelWorkBook object at 0x0000028188BCDB20>, 'element_id': 14, 'description': 'Close the current tab and goes to parent tab', 'execute': '', 'locator': '', 'action': 'close tab', 'value': '', 'assertion': '', 'condition': '', 'stored_value_key': '', 'timeout': '', 'url': '', 'filepath': '', 'assert_value': '', 'nth': '', 'conditional_key': '', 'conditional_statement': ''}
2024-09-15 12:04:46,902 -INFO - LCE loop row: 9
2024-09-15 12:04:46,902 -INFO - Working with Actions in with row details: {'xlwb': <entity.ExcelData.ExcelWorkBook object at 0x0000028188BCDB20>, 'element_id': 7, 'description': 'Goes to the opened new tab', 'execute': '', 'locator': '', 'action': 'loop new tab', 'value': '', 'assertion': '', 'condition': '', 'stored_value_key': '', 'timeout': '', 'url': '', 'filepath': '', 'assert_value': '', 'nth': '', 'conditional_key': '', 'conditional_statement': ''}
2024-09-15 12:04:46,904 -INFO - (WindowHandler/open_link_in_new_tab_from_element) <Locator frame=<Frame name= url='https://www.amazon.in/s?k=Smartphone&i=electronics&page=2&crid=2NRW6EEA064BD&qid=1726382065&sprefix=smartphone%2Celectronics%2C324&ref=sr_pg_1'> selector="//span[@class='a-size-medium a-color-base a-text-normal'] >> nth=2">
2024-09-15 12:04:48,717 -INFO - For 9: Wait(True), Assert(True), Action(True) data:{'xlwb': <entity.ExcelData.ExcelWorkBook object at 0x0000028188BCDB20>, 'element_id': 7, 'description': 'Goes to the opened new tab', 'execute': '', 'locator': '', 'action': 'loop new tab', 'value': '', 'assertion': '', 'condition': '', 'stored_value_key': '', 'timeout': '', 'url': '', 'filepath': '', 'assert_value': '', 'nth': '', 'conditional_key': '', 'conditional_statement': ''}
2024-09-15 12:04:48,718 -INFO - LCE loop row: 10
2024-09-15 12:04:48,718 -INFO - Working with Actions in with row details: {'xlwb': <entity.ExcelData.ExcelWorkBook object at 0x0000028188BCDB20>, 'element_id': 9, 'description': 'PAGE URL', 'execute': '', 'locator': '', 'action': 'get page url', 'value': '', 'assertion': '', 'condition': '', 'stored_value_key': 'url', 'timeout': '', 'url': '', 'filepath': '', 'assert_value': '', 'nth': '', 'conditional_key': '', 'conditional_statement': ''}
2024-09-15 12:04:48,719 -INFO - (ActionFunctions/execute_code_get_data) {'xlwb': <entity.ExcelData.ExcelWorkBook object at 0x0000028188BCDB20>, 'element_id': 9, 'description': 'PAGE URL', 'execute': '', 'locator': '', 'action': 'get page url', 'value': '', 'assertion': '', 'condition': '', 'stored_value_key': 'url', 'timeout': '', 'url': '', 'filepath': '', 'assert_value': '', 'nth': '', 'conditional_key': '', 'conditional_statement': ''}
2024-09-15 12:04:48,719 -INFO - For 10: Wait(True), Assert(True), Action(True) data:{'xlwb': <entity.ExcelData.ExcelWorkBook object at 0x0000028188BCDB20>, 'element_id': 9, 'description': 'PAGE URL', 'execute': '', 'locator': '', 'action': 'get page url', 'value': '', 'assertion': '', 'condition': '', 'stored_value_key': 'url', 'timeout': '', 'url': '', 'filepath': '', 'assert_value': '', 'nth': '', 'conditional_key': '', 'conditional_statement': ''}
2024-09-15 12:04:48,720 -INFO - LCE loop row: 11
2024-09-15 12:04:48,720 -INFO - Working with Actions in with row details: {'xlwb': <entity.ExcelData.ExcelWorkBook object at 0x0000028188BCDB20>, 'element_id': 14, 'description': 'Close the current tab and goes to parent tab', 'execute': '', 'locator': '', 'action': 'close tab', 'value': '', 'assertion': '', 'condition': '', 'stored_value_key': '', 'timeout': '', 'url': '', 'filepath': '', 'assert_value': '', 'nth': '', 'conditional_key': '', 'conditional_statement': ''}
2024-09-15 12:04:48,720 -INFO - (WindowHandler/close_tab)
2024-09-15 12:04:48,871 -INFO - (WindowHandler/goto_parent_tab)
2024-09-15 12:04:48,881 -INFO - For 11: Wait(True), Assert(True), Action(True) data:{'xlwb': <entity.ExcelData.ExcelWorkBook object at 0x0000028188BCDB20>, 'element_id': 14, 'description': 'Close the current tab and goes to parent tab', 'execute': '', 'locator': '', 'action': 'close tab', 'value': '', 'assertion': '', 'condition': '', 'stored_value_key': '', 'timeout': '', 'url': '', 'filepath': '', 'assert_value': '', 'nth': '', 'conditional_key': '', 'conditional_statement': ''}
2024-09-15 12:04:48,882 -INFO - Loop Cases Element(slm): Exit Point #6
2024-09-15 12:04:48,882 -INFO - Start Loop Module(loop_cases_element) : Exit Point #5
2024-09-15 12:04:48,882 -INFO - LCE loop row: 13
2024-09-15 12:04:48,882 -INFO - Working with Actions in with row details: {'xlwb': <entity.ExcelData.ExcelWorkBook object at 0x0000028188BCDB20>, 'element_id': 16, 'description': 'Click on the next button', 'execute': '', 'locator': '.s-pagination-next', 'action': 'click', 'value': '', 'assertion': '', 'condition': '', 'stored_value_key': '', 'timeout': 20000, 'url': '', 'filepath': '', 'assert_value': '', 'nth': '', 'conditional_key': '', 'conditional_statement': ''}
2024-09-15 12:04:48,930 -INFO - (ActionFunctions/execute_code) page.locator(".s-pagination-next").nth(0).click()
2024-09-15 12:04:49,788 -INFO - For 13: Wait(True), Assert(True), Action(True) data:{'xlwb': <entity.ExcelData.ExcelWorkBook object at 0x0000028188BCDB20>, 'element_id': 16, 'description': 'Click on the next button', 'execute': '', 'locator': '.s-pagination-next', 'action': 'click', 'value': '', 'assertion': '', 'condition': '', 'stored_value_key': '', 'timeout': 20000, 'url': '', 'filepath': '', 'assert_value': '', 'nth': '', 'conditional_key': '', 'conditional_statement': ''}
2024-09-15 12:04:49,788 -INFO - Loop Cases Element(slm): Exit Point #6
2024-09-15 12:04:49,789 -INFO - (ActionFunctions/execute_assert_code) {'xlwb': <entity.ExcelData.ExcelWorkBook object at 0x0000028188BCDB20>, 'element_id': 17, 'description': 'end loop 1: continuous', 'execute': '', 'locator': '.s-pagination-next', 'action': '', 'value': '', 'assertion': 'soft', 'condition': 'not to have attribute', 'stored_value_key': '', 'timeout': 20000, 'url': '', 'filepath': '', 'assert_value': '"aria-disabled", "true"', 'nth': '', 'conditional_key': '', 'conditional_statement': ''}, expect(page.locator(".s-pagination-next").nth(0),"element has attribute").not_to_have_attribute("aria-disabled", "true")
2024-09-15 12:04:52,069 -INFO - Start Loop Module(sheets): Exit Point #3
2024-09-15 12:04:52,069 -INFO - Sheet row: 15
2024-09-15 12:04:52,070 -INFO - CreateLinksHTML/create_links_html) url
2024-09-15 12:04:52,071 -CRITICAL - Sheet: test cdp
 Screenshot: Reports/Report 2024-09-15 120405/screenshot-config-2024-09-15 120452.png
2024-09-15 12:04:53,556 -ERROR - test cdp did not process complete. Continue with next test
2024-09-15 12:04:53,556 -INFO - Error: [Errno 2] No such file or directory: '../Html Pages/url.html'
